<?xml version="1.0" encoding="UTF-8"?>
<coverage generated="1608139903427" clover="3.2.0">
  <project timestamp="1608139903427" name="All files">
    <metrics statements="7" coveredstatements="7" conditionals="0" coveredconditionals="0" methods="4" coveredmethods="4" elements="11" coveredelements="11" complexity="0" loc="7" ncloc="7" packages="1" files="3" classes="3"/>
    <file name="adder.js" path="C:\Users\Julaz\Desktop\typscript-tests\adder.js">
      <metrics statements="3" coveredstatements="3" conditionals="0" coveredconditionals="0" methods="2" coveredmethods="2"/>
      <line num="1" count="1" type="stmt"/>
      <line num="2" count="12" type="stmt"/>
      <line num="4" count="1" type="stmt"/>
    </file>
    <file name="cloneArray.js" path="C:\Users\Julaz\Desktop\typscript-tests\cloneArray.js">
      <metrics statements="2" coveredstatements="2" conditionals="0" coveredconditionals="0" methods="1" coveredmethods="1"/>
      <line num="2" count="2" type="stmt"/>
      <line num="5" count="1" type="stmt"/>
    </file>
    <file name="sum.js" path="C:\Users\Julaz\Desktop\typscript-tests\sum.js">
      <metrics statements="2" coveredstatements="2" conditionals="0" coveredconditionals="0" methods="1" coveredmethods="1"/>
      <line num="2" count="1" type="stmt"/>
      <line num="5" count="1" type="stmt"/>
    </file>
  </project>
</coverage>
